This is pdfTeX, Version 3.14159265-2.6-1.40.16 (TeX Live 2015) (preloaded format=pdflatex 2016.4.28)  3 JUN 2016 01:41
entering extended mode
 restricted \write18 enabled.
 %&-line parsing enabled.
**Monografia.tex
(./Monografia.tex
LaTeX2e <2016/03/31>
Babel <3.9q> and hyphenation patterns for 81 language(s) loaded.
(./abnt.cls (./cvs-id.def)
Document Class: abnt 2004/11/02 v1.27.2.1 Classe abnt (NBR6024, NBR6027, NBR602
8, NBR14724)
(/usr/local/texlive/2015/texmf-dist/tex/latex/base/ifthen.sty
Package: ifthen 2014/09/29 v1.1c Standard LaTeX ifthen package (DPC)
)
(/usr/local/texlive/2015/texmf-dist/tex/latex/tools/calc.sty
Package: calc 2014/10/28 v4.3 Infix arithmetic (KKT,FJ)
\calc@Acount=\count79
\calc@Bcount=\count80
\calc@Adimen=\dimen102
\calc@Bdimen=\dimen103
\calc@Askip=\skip41
\calc@Bskip=\skip42
LaTeX Info: Redefining \setlength on input line 80.
LaTeX Info: Redefining \addtolength on input line 81.
\calc@Ccount=\count81
\calc@Cskip=\skip43
)
(/usr/local/texlive/2015/texmf-dist/tex/latex/tools/multicol.sty
Package: multicol 2016/02/08 v1.8o multicolumn formatting (FMi)
\c@tracingmulticols=\count82
\mult@box=\box26
\multicol@leftmargin=\dimen104
\c@unbalance=\count83
\c@collectmore=\count84
\doublecol@number=\count85
\multicoltolerance=\count86
\multicolpretolerance=\count87
\full@width=\dimen105
\page@free=\dimen106
\premulticols=\dimen107
\postmulticols=\dimen108
\multicolsep=\skip44
\multicolbaselineskip=\skip45
\partial@page=\box27
\last@line=\box28
\maxbalancingoverflow=\dimen109
\mult@rightbox=\box29
\mult@grightbox=\box30
\mult@gfirstbox=\box31
\mult@firstbox=\box32
\@tempa=\box33
\@tempa=\box34
\@tempa=\box35
\@tempa=\box36
\@tempa=\box37
\@tempa=\box38
\@tempa=\box39
\@tempa=\box40
\@tempa=\box41
\@tempa=\box42
\@tempa=\box43
\@tempa=\box44
\@tempa=\box45
\@tempa=\box46
\@tempa=\box47
\@tempa=\box48
\@tempa=\box49
\c@columnbadness=\count88
\c@finalcolumnbadness=\count89
\last@try=\dimen110
\multicolovershoot=\dimen111
\multicolundershoot=\dimen112
\mult@nat@firstbox=\box50
\colbreak@box=\box51
\mc@col@check@num=\count90
)
(/usr/local/texlive/2015/texmf-dist/tex/latex/base/report.cls
Document Class: report 2014/09/29 v1.4h Standard LaTeX document class
(/usr/local/texlive/2015/texmf-dist/tex/latex/base/size12.clo
File: size12.clo 2014/09/29 v1.4h Standard LaTeX file (size option)
)
\c@part=\count91
\c@chapter=\count92
\c@section=\count93
\c@subsection=\count94
\c@subsubsection=\count95
\c@paragraph=\count96
\c@subparagraph=\count97
\c@figure=\count98
\c@table=\count99
\abovecaptionskip=\skip46
\belowcaptionskip=\skip47
\bibindent=\dimen113
) (./setspace.sty
Package: setspace 2000/12/01 6.7 Contributed and Supported LaTeX2e package
Package: `setspace' 6.7 <2000/12/01>
)
\ABNTanapindent=\skip48
\ABNTsignwidth=\skip49
\ABNTsignthickness=\skip50
\ABNTsignskip=\skip51
 (/usr/local/texlive/2015/texmf-dist/tex/latex/tools/indentfirst.sty
Package: indentfirst 1995/11/23 v1.03 Indent first paragraph (DPC)
))
(/usr/local/texlive/2015/texmf-dist/tex/generic/babel/babel.sty
Package: babel 2016/02/24 3.9q The Babel package

(/usr/local/texlive/2015/texmf-dist/tex/generic/babel-portuges/portuges.ldf
Language: portuges 2008/03/18 v1.2q Portuguese support from the babel system

(/usr/local/texlive/2015/texmf-dist/tex/generic/babel/babel.def
File: babel.def 2016/02/24 3.9q Babel common definitions
\babel@savecnt=\count100
\U@D=\dimen114
)
\l@brazil = a dialect from \language\l@portuges 
Package babel Info: Making " an active character on input line 145.
))
(/usr/local/texlive/2015/texmf-dist/tex/latex/base/inputenc.sty
Package: inputenc 2015/03/17 v1.2c Input encoding file
\inpenc@prehook=\toks14
\inpenc@posthook=\toks15

(/usr/local/texlive/2015/texmf-dist/tex/latex/base/latin1.def
File: latin1.def 2015/03/17 v1.2c Input encoding file
))
(/usr/local/texlive/2015/texmf-dist/tex/latex/base/fontenc.sty
Package: fontenc 2005/09/27 v1.99g Standard LaTeX package

(/usr/local/texlive/2015/texmf-dist/tex/latex/base/t1enc.def
File: t1enc.def 2005/09/27 v1.99g Standard LaTeX file
LaTeX Font Info:    Redeclaring font encoding T1 on input line 48.
)) (./dsfont.sty
Package: dsfont 1995/08/01 v0.1 Double stroke roman fonts
)
(/usr/local/texlive/2015/texmf-dist/tex/latex/amsfonts/amssymb.sty
Package: amssymb 2013/01/14 v3.01 AMS font symbols

(/usr/local/texlive/2015/texmf-dist/tex/latex/amsfonts/amsfonts.sty
Package: amsfonts 2013/01/14 v3.01 Basic AMSFonts support
\@emptytoks=\toks16
\symAMSa=\mathgroup4
\symAMSb=\mathgroup5
LaTeX Font Info:    Overwriting math alphabet `\mathfrak' in version `bold'
(Font)                  U/euf/m/n --> U/euf/b/n on input line 106.
))
(/usr/local/texlive/2015/texmf-dist/tex/latex/amsmath/amsmath.sty
Package: amsmath 2016/03/10 v2.15b AMS math features
\@mathmargin=\skip52

For additional information on amsmath, use the `?' option.
(/usr/local/texlive/2015/texmf-dist/tex/latex/amsmath/amstext.sty
Package: amstext 2000/06/29 v2.01 AMS text

(/usr/local/texlive/2015/texmf-dist/tex/latex/amsmath/amsgen.sty
File: amsgen.sty 1999/11/30 v2.0 generic functions
\@emptytoks=\toks17
\ex@=\dimen115
))
(/usr/local/texlive/2015/texmf-dist/tex/latex/amsmath/amsbsy.sty
Package: amsbsy 1999/11/29 v1.2d Bold Symbols
\pmbraise@=\dimen116
)
(/usr/local/texlive/2015/texmf-dist/tex/latex/amsmath/amsopn.sty
Package: amsopn 2016/03/08 v2.02 operator names
)
\inf@bad=\count101
LaTeX Info: Redefining \frac on input line 199.
\uproot@=\count102
\leftroot@=\count103
LaTeX Info: Redefining \overline on input line 297.
\classnum@=\count104
\DOTSCASE@=\count105
LaTeX Info: Redefining \ldots on input line 394.
LaTeX Info: Redefining \dots on input line 397.
LaTeX Info: Redefining \cdots on input line 518.
\Mathstrutbox@=\box52
\strutbox@=\box53
\big@size=\dimen117
LaTeX Font Info:    Redeclaring font encoding OML on input line 634.
LaTeX Font Info:    Redeclaring font encoding OMS on input line 635.
\macc@depth=\count106
\c@MaxMatrixCols=\count107
\dotsspace@=\muskip10
\c@parentequation=\count108
\dspbrk@lvl=\count109
\tag@help=\toks18
\row@=\count110
\column@=\count111
\maxfields@=\count112
\andhelp@=\toks19
\eqnshift@=\dimen118
\alignsep@=\dimen119
\tagshift@=\dimen120
\tagwidth@=\dimen121
\totwidth@=\dimen122
\lineht@=\dimen123
\@envbody=\toks20
\multlinegap=\skip53
\multlinetaggap=\skip54
\mathdisplay@stack=\toks21
LaTeX Info: Redefining \[ on input line 2739.
LaTeX Info: Redefining \] on input line 2740.
)
(./multirow.sty
\bigstrutjot=\dimen124
) (./abntcite.sty (./cvs-id.def)
Package: abntcite 2003/10/13 v1.26 Chamadas de referencias no texto (NBR10520)
 (./abntex-abrev.sty
(./cvs-id.def)
Package: abntex-abrev 2003/10/13 v1.3 Abreviacoes
 (./nbr10522-1988.def (./cvs-id.def)
File: nbr10522-1988.def 2003/10/13 v1.2 Abreviacoes bibliograficas (NBR10522:19
88)
) (./abntex-abrev-pt_BR.def
(./cvs-id.def)
File: abntex-abrev-pt_BR.def 2003/10/13 v1.2 definicao de abntex-abrev, traduca
o de termos en_US/pt_BR
)) (./nbr10520-2002.def (./cvs-id.def)
File: nbr10520-2002.def 2003/10/13 v1.2 Definicoes para abntcite (NBR10520:2002
)
)
\minimumbiblabelwidth=\skip55
\ABCIauxlen=\skip56
\c@ABCIaux=\count113
\c@ABCImax=\count114

(/usr/local/texlive/2015/texmf-dist/tex/latex/relsize/relsize.sty
Package: relsize 2013/03/29 ver 4.1
)
\biblabelsep=\skip57
LaTeX Info: Redefining \newblock on input line 562.
LaTeX Info: Redefining \cite on input line 589.
\ABCItoken=\toks22
)
(/usr/local/texlive/2015/texmf-dist/tex/latex/graphics/color.sty
Package: color 2016/01/03 v1.1b Standard LaTeX Color (DPC)

(/usr/local/texlive/2015/texmf-dist/tex/latex/latexconfig/color.cfg
File: color.cfg 2007/01/18 v1.5 color configuration of teTeX/TeXLive
)
Package color Info: Driver file: pdftex.def on input line 143.

(/usr/local/texlive/2015/texmf-dist/tex/latex/pdftex-def/pdftex.def
File: pdftex.def 2011/05/27 v0.06d Graphics/color for pdfTeX

(/usr/local/texlive/2015/texmf-dist/tex/generic/oberdiek/infwarerr.sty
Package: infwarerr 2010/04/08 v1.3 Providing info/warning/error messages (HO)
)
(/usr/local/texlive/2015/texmf-dist/tex/generic/oberdiek/ltxcmds.sty
Package: ltxcmds 2011/11/09 v1.22 LaTeX kernel commands for general use (HO)
)
\Gread@gobject=\count115
))
(/usr/local/texlive/2015/texmf-dist/tex/latex/graphics/graphicx.sty
Package: graphicx 2014/10/28 v1.0g Enhanced LaTeX Graphics (DPC,SPQR)

(/usr/local/texlive/2015/texmf-dist/tex/latex/graphics/keyval.sty
Package: keyval 2014/10/28 v1.15 key=value parser (DPC)
\KV@toks@=\toks23
)
(/usr/local/texlive/2015/texmf-dist/tex/latex/graphics/graphics.sty
Package: graphics 2016/01/03 v1.0q Standard LaTeX Graphics (DPC,SPQR)

(/usr/local/texlive/2015/texmf-dist/tex/latex/graphics/trig.sty
Package: trig 2016/01/03 v1.10 sin cos tan (DPC)
)
(/usr/local/texlive/2015/texmf-dist/tex/latex/latexconfig/graphics.cfg
File: graphics.cfg 2010/04/23 v1.9 graphics configuration of TeX Live
)
Package graphics Info: Driver file: pdftex.def on input line 95.
)
\Gin@req@height=\dimen125
\Gin@req@width=\dimen126
)
(/usr/local/texlive/2015/texmf-dist/tex/latex/colortbl/colortbl.sty
Package: colortbl 2012/02/13 v1.0a Color table columns (DPC)

(/usr/local/texlive/2015/texmf-dist/tex/latex/tools/array.sty
Package: array 2014/10/28 v2.4c Tabular extension package (FMi)
\col@sep=\dimen127
\extrarowheight=\dimen128
\NC@list=\toks24
\extratabsurround=\skip58
\backup@length=\skip59
)
\everycr=\toks25
\minrowclearance=\skip60
)
(/usr/local/texlive/2015/texmf-dist/tex/latex/url/url.sty
\Urlmuskip=\muskip11
Package: url 2013/09/16  ver 3.4  Verb mode for urls, etc.
) (./abnt-alf.sty
Package: abnt-alf 2002/06/24
)
(/usr/local/texlive/2015/texmf-dist/tex/latex/algorithms/algorithm.sty
Package: algorithm 2009/08/24 v0.1 Document Style `algorithm' - floating enviro
nment

(/usr/local/texlive/2015/texmf-dist/tex/latex/float/float.sty
Package: float 2001/11/08 v1.3d Float enhancements (AL)
\c@float@type=\count116
\float@exts=\toks26
\float@box=\box54
\@float@everytoks=\toks27
\@floatcapt=\box55
)
\@float@every@algorithm=\toks28
\c@algorithm=\count117
)
(/usr/local/texlive/2015/texmf-dist/tex/latex/algorithms/algorithmic.sty
Package: algorithmic 2009/08/24 v0.1 Document Style `algorithmic'
\c@ALC@unique=\count118
\c@ALC@line=\count119
\c@ALC@rem=\count120
\c@ALC@depth=\count121
\ALC@tlm=\skip61
\algorithmicindent=\skip62
)
(/usr/local/texlive/2015/texmf-dist/tex/latex/threeparttable/threeparttable.sty
Package: threeparttable 2003/06/13  v 3.0
\@tempboxb=\box56
) (./Monografia.aux (./Includes/Capa.aux) (./Includes/FolhaRosto.aux)
(./Includes/FolhaAprovacao.aux) (./Includes/Dedicatoria.aux)
(./Includes/Agradecimentos.aux) (./Includes/Epigrafe.aux)
(./Includes/Resumo.aux) (./Includes/Abstract.aux) (./Capitulos/Introducao.aux)
(./Capitulos/Capitulo2.aux) (./Capitulos/Capitulo3.aux)
(./Capitulos/Capitulo4.aux) (./Capitulos/Capitulo5.aux)
(./Capitulos/ApendiceA.aux))
\openout1 = `Monografia.aux'.

LaTeX Font Info:    Checking defaults for OML/cmm/m/it on input line 98.
LaTeX Font Info:    ... okay on input line 98.
LaTeX Font Info:    Checking defaults for T1/cmr/m/n on input line 98.
LaTeX Font Info:    ... okay on input line 98.
LaTeX Font Info:    Checking defaults for OT1/cmr/m/n on input line 98.
LaTeX Font Info:    ... okay on input line 98.
LaTeX Font Info:    Checking defaults for OMS/cmsy/m/n on input line 98.
LaTeX Font Info:    ... okay on input line 98.
LaTeX Font Info:    Checking defaults for OMX/cmex/m/n on input line 98.
LaTeX Font Info:    ... okay on input line 98.
LaTeX Font Info:    Checking defaults for U/cmr/m/n on input line 98.
LaTeX Font Info:    ... okay on input line 98.

(/usr/local/texlive/2015/texmf-dist/tex/context/base/supp-pdf.mkii
[Loading MPS to PDF converter (version 2006.09.02).]
\scratchcounter=\count122
\scratchdimen=\dimen129
\scratchbox=\box57
\nofMPsegments=\count123
\nofMParguments=\count124
\everyMPshowfont=\toks29
\MPscratchCnt=\count125
\MPscratchDim=\dimen130
\MPnumerator=\count126
\makeMPintoPDFobject=\count127
\everyMPtoPDFconversion=\toks30
) (/usr/local/texlive/2015/texmf-dist/tex/generic/oberdiek/pdftexcmds.sty
Package: pdftexcmds 2011/11/29 v0.20 Utility functions of pdfTeX for LuaTeX (HO
)

(/usr/local/texlive/2015/texmf-dist/tex/generic/oberdiek/ifluatex.sty
Package: ifluatex 2010/03/01 v1.3 Provides the ifluatex switch (HO)
Package ifluatex Info: LuaTeX not detected.
)
(/usr/local/texlive/2015/texmf-dist/tex/generic/oberdiek/ifpdf.sty
Package: ifpdf 2011/01/30 v2.3 Provides the ifpdf switch (HO)
Package ifpdf Info: pdfTeX in PDF mode is detected.
)
Package pdftexcmds Info: LuaTeX not detected.
Package pdftexcmds Info: \pdf@primitive is available.
Package pdftexcmds Info: \pdf@ifprimitive is available.
Package pdftexcmds Info: \pdfdraftmode found.
)
(/usr/local/texlive/2015/texmf-dist/tex/latex/oberdiek/epstopdf-base.sty
Package: epstopdf-base 2010/02/09 v2.5 Base part for package epstopdf

(/usr/local/texlive/2015/texmf-dist/tex/latex/oberdiek/grfext.sty
Package: grfext 2010/08/19 v1.1 Manage graphics extensions (HO)

(/usr/local/texlive/2015/texmf-dist/tex/generic/oberdiek/kvdefinekeys.sty
Package: kvdefinekeys 2011/04/07 v1.3 Define keys (HO)
))
(/usr/local/texlive/2015/texmf-dist/tex/latex/oberdiek/kvoptions.sty
Package: kvoptions 2011/06/30 v3.11 Key value format for package options (HO)

(/usr/local/texlive/2015/texmf-dist/tex/generic/oberdiek/kvsetkeys.sty
Package: kvsetkeys 2012/04/25 v1.16 Key value parser (HO)

(/usr/local/texlive/2015/texmf-dist/tex/generic/oberdiek/etexcmds.sty
Package: etexcmds 2011/02/16 v1.5 Avoid name clashes with e-TeX commands (HO)
Package etexcmds Info: Could not find \expanded.
(etexcmds)             That can mean that you are not using pdfTeX 1.50 or
(etexcmds)             that some package has redefined \expanded.
(etexcmds)             In the latter case, load this package earlier.
)))
Package grfext Info: Graphics extension search list:
(grfext)             [.png,.pdf,.jpg,.mps,.jpeg,.jbig2,.jb2,.PNG,.PDF,.JPG,.JPE
G,.JBIG2,.JB2,.eps]
(grfext)             \AppendGraphicsExtensions on input line 452.

(/usr/local/texlive/2015/texmf-dist/tex/latex/latexconfig/epstopdf-sys.cfg
File: epstopdf-sys.cfg 2010/07/13 v1.3 Configuration of (r)epstopdf for TeX Liv
e
))
\openout2 = `Includes/Capa.aux'.


(./Includes/Capa.tex <Imagens/Brasao-UFRN.jpg, id=1, 175.857pt x 173.9298pt>
File: Imagens/Brasao-UFRN.jpg Graphic file (type jpg)

<use Imagens/Brasao-UFRN.jpg>
Package pdftex.def Info: Imagens/Brasao-UFRN.jpg used on input line 14.
(pdftex.def)             Requested size: 48.36752pt x 56.90602pt.
LaTeX Font Info:    Try loading font information for U+msa on input line 16.

(/usr/local/texlive/2015/texmf-dist/tex/latex/amsfonts/umsa.fd
File: umsa.fd 2013/01/14 v3.01 AMS symbols A
)
LaTeX Font Info:    Try loading font information for U+msb on input line 16.

(/usr/local/texlive/2015/texmf-dist/tex/latex/amsfonts/umsb.fd
File: umsb.fd 2013/01/14 v3.01 AMS symbols B
)
<Imagens/Logotipo-DIMAp.jpg, id=2, 102.54527pt x 77.1531pt>
File: Imagens/Logotipo-DIMAp.jpg Graphic file (type jpg)

<use Imagens/Logotipo-DIMAp.jpg>
Package pdftex.def Info: Imagens/Logotipo-DIMAp.jpg used on input line 29.
(pdftex.def)             Requested size: 51.2146pt x 42.6792pt.
 [1


{/usr/local/texlive/2015/texmf-var/fonts/map/pdftex/updmap/pdftex.map} <./Image
ns/Brasao-UFRN.jpg> <./Imagens/Logotipo-DIMAp.jpg>])
\openout2 = `Includes/FolhaRosto.aux'.

 (./Includes/FolhaRosto.tex [1


])
\openout2 = `Includes/FolhaAprovacao.aux'.

 (./Includes/FolhaAprovacao.tex
[2



])
\openout2 = `Includes/Dedicatoria.aux'.

 (./Includes/Dedicatoria.tex) [3




]
\openout2 = `Includes/Agradecimentos.aux'.

 (./Includes/Agradecimentos.tex) [4



]
\openout2 = `Includes/Epigrafe.aux'.


(./Includes/Epigrafe.tex) [5



]
\openout2 = `Includes/Resumo.aux'.

 (./Includes/Resumo.tex) [6


]
\openout2 = `Includes/Abstract.aux'.


(./Includes/Abstract.tex) [7


] (./Monografia.lof [8


])
\tf@lof=\write3
\openout3 = `Monografia.lof'.

 [9] (./Monografia.lot)
\tf@lot=\write4
\openout4 = `Monografia.lot'.


[10

] (./Monografia.loab)
\tf@loab=\write5
\openout5 = `Monografia.loab'.

 [11

] (./Monografia.toc [12

] [13])
\tf@toc=\write6
\openout6 = `Monografia.toc'.

 [14]
\openout2 = `Capitulos/Introducao.aux'.


(./Capitulos/Introducao.tex
Cap\'{\i }tulo 1.
[15



] [16]) [17] [18]
\openout2 = `Capitulos/Capitulo2.aux'.

 (./Capitulos/Capitulo2.tex
Cap\'{\i }tulo 2.
[19



] [20] <Imagens/iotImage.png, id=84, 1329.96875pt x 698.61pt>
File: Imagens/iotImage.png Graphic file (type png)

<use Imagens/iotImage.png>
Package pdftex.def Info: Imagens/iotImage.png used on input line 31.
(pdftex.def)             Requested size: 455.24411pt x 239.1339pt.
 [21 <./Imagens/iotImage.png>] [22] [23] [24]
<Imagens/reliabilityDiagram.png, id=100, 855.195pt x 317.185pt>
File: Imagens/reliabilityDiagram.png Graphic file (type png)

<use Imagens/reliabilityDiagram.png>
Package pdftex.def Info: Imagens/reliabilityDiagram.png used on input line 84.
(pdftex.def)             Requested size: 455.24411pt x 168.8429pt.
 [25 <./Imagens/reliabilityDiagram.png>]
<Imagens/sparkStackImage.png, id=105, 377.41pt x 193.72375pt>
File: Imagens/sparkStackImage.png Graphic file (type png)

<use Imagens/sparkStackImage.png>
Package pdftex.def Info: Imagens/sparkStackImage.png used on input line 110.
(pdftex.def)             Requested size: 227.62206pt x 116.83815pt.
 [26 <./Imagens/sparkStackImage.png>] [27]
<Imagens/sparkComponentsImage.png, id=113, 533.995pt x 504.88625pt>
File: Imagens/sparkComponentsImage.png Graphic file (type png)

<use Imagens/sparkComponentsImage.png>
Package pdftex.def Info: Imagens/sparkComponentsImage.png used on input line 13
8.
(pdftex.def)             Requested size: 227.62206pt x 215.21709pt.
 [28 <./Imagens/sparkComponentsImage.png>] [29] [30]
<Imagens/stormComponentsImage.png, id=125, 448.67625pt x 351.3125pt>
File: Imagens/stormComponentsImage.png Graphic file (type png)

<use Imagens/stormComponentsImage.png>
Package pdftex.def Info: Imagens/stormComponentsImage.png used on input line 18
2.
(pdftex.def)             Requested size: 227.62206pt x 178.22353pt.
 [31 <./Imagens/stormComponentsImage.png>] [32] <Imagens/stormTopologyImage.png
, id=133, 441.65pt x 373.395pt>
File: Imagens/stormTopologyImage.png Graphic file (type png)

<use Imagens/stormTopologyImage.png>
Package pdftex.def Info: Imagens/stormTopologyImage.png used on input line 218.

(pdftex.def)             Requested size: 227.62206pt x 192.44586pt.
 [33 <./Imagens/stormTopologyImage.png>]
[34] <Imagens/pnl.png, id=141, 163.61125pt x 308.15125pt>
File: Imagens/pnl.png Graphic file (type png)

<use Imagens/pnl.png>
Package pdftex.def Info: Imagens/pnl.png used on input line 252.
(pdftex.def)             Requested size: 136.57462pt x 257.22778pt.
) [35] [36 <./Imagens/pnl.png>]
\openout2 = `Capitulos/Capitulo3.aux'.

 (./Capitulos/Capitulo3.tex
Cap\'{\i }tulo 3.
[37



] <Imagens/dstreamImage.png, id=153, 603.25375pt x 88.33pt>
File: Imagens/dstreamImage.png Graphic file (type png)

<use Imagens/dstreamImage.png>
Package pdftex.def Info: Imagens/dstreamImage.png used on input line 18.
(pdftex.def)             Requested size: 364.19667pt x 53.32591pt.

<Imagens/flinkProcessingImage.png, id=154, 561.09625pt x 80.3pt>
File: Imagens/flinkProcessingImage.png Graphic file (type png)

<use Imagens/flinkProcessingImage.png>
Package pdftex.def Info: Imagens/flinkProcessingImage.png used on input line 28
.
(pdftex.def)             Requested size: 364.19667pt x 52.12085pt.
 [38 <./Imagens/dstreamImage.png> <./Imagens/flinkProcessingImage.png>]
<Imagens/samzaPartitionsImage.png, id=160, 415.5525pt x 197.73875pt>
File: Imagens/samzaPartitionsImage.png Graphic file (type png)

<use Imagens/samzaPartitionsImage.png>
Package pdftex.def Info: Imagens/samzaPartitionsImage.png used on input line 40
.
(pdftex.def)             Requested size: 273.14923pt x 129.98297pt.
 [39 <./Imagens/samzaPartitionsImage.png>] [40]
<Imagens/twitterDataAnalysisClassDiagram.png, id=168, 925.20656pt x 450.18187pt
>
File: Imagens/twitterDataAnalysisClassDiagram.png Graphic file (type png)
 <use Imagens/twitterDataAnalysisClassDiagram.png>
Package pdftex.def Info: Imagens/twitterDataAnalysisClassDiagram.png used on in
put line 108.
(pdftex.def)             Requested size: 546.29153pt x 265.81108pt.
 [41] [42 <./Imagens/twitterDataAnalysisClassDiagram.png>]
<Imagens/sparkDiagramMapToDouble.png, id=178, 504.88625pt x 104.39pt>
File: Imagens/sparkDiagramMapToDouble.png Graphic file (type png)

<use Imagens/sparkDiagramMapToDouble.png>
Package pdftex.def Info: Imagens/sparkDiagramMapToDouble.png used on input line
 126.
(pdftex.def)             Requested size: 273.14923pt x 56.47647pt.
 [43 <./Imagens/sparkDiagramMapToDouble.png>]
<Imagens/sparkDiagramMapDateToDouble.png, id=183, 662.475pt x 286.06876pt>
File: Imagens/sparkDiagramMapDateToDouble.png Graphic file (type png)

<use Imagens/sparkDiagramMapDateToDouble.png>
Package pdftex.def Info: Imagens/sparkDiagramMapDateToDouble.png used on input 
line 138.
(pdftex.def)             Requested size: 318.66948pt x 137.6039pt.
 [44 <./Imagens/sparkDiagramMapDateToDouble.png>]
<Imagens/sparkDataAnalysisDiagram.png, id=188, 887.315pt x 551.05875pt>
File: Imagens/sparkDataAnalysisDiagram.png Graphic file (type png)

<use Imagens/sparkDataAnalysisDiagram.png>
Package pdftex.def Info: Imagens/sparkDataAnalysisDiagram.png used on input lin
e 204.
(pdftex.def)             Requested size: 364.19667pt x 226.17938pt.
 [45] [46 <./Imagens/sparkDataAnalysisDiagram.png>]
<Imagens/sparkDataAnalysisClassDiagram.png, id=196, 773.89125pt x 377.15906pt>
File: Imagens/sparkDataAnalysisClassDiagram.png Graphic file (type png)

<use Imagens/sparkDataAnalysisClassDiagram.png>
Package pdftex.def Info: Imagens/sparkDataAnalysisClassDiagram.png used on inpu
t line 229.
(pdftex.def)             Requested size: 364.19667pt x 177.49498pt.
 [47]
<Imagens/stormTopologyApp.png, id=201, 826.08624pt x 420.57124pt>
File: Imagens/stormTopologyApp.png Graphic file (type png)

<use Imagens/stormTopologyApp.png>
Package pdftex.def Info: Imagens/stormTopologyApp.png used on input line 242.
(pdftex.def)             Requested size: 364.19667pt x 185.41771pt.
 [48 <./Imagens/sparkDataAnalysisClassDiagram.png> <./Imagens/stormTopologyApp.
png>]
<Imagens/stormApplicationClassDiagram.png, id=208, 1023.825pt x 570.63188pt>
File: Imagens/stormApplicationClassDiagram.png Graphic file (type png)

<use Imagens/stormApplicationClassDiagram.png>
Package pdftex.def Info: Imagens/stormApplicationClassDiagram.png used on input
 line 256.
(pdftex.def)             Requested size: 546.29153pt x 304.47963pt.
 [49] [50 <./Imagens/stormApplicationClassDiagram.png>] [51] [52]) [53]
\openout2 = `Capitulos/Capitulo4.aux'.

 (./Capitulos/Capitulo4.tex
Cap\'{\i }tulo 4.
[54



] [55] <Imagens/webApplication.png, id=234, 1922.18124pt x 931.48pt>
File: Imagens/webApplication.png Graphic file (type png)

<use Imagens/webApplication.png>
Package pdftex.def Info: Imagens/webApplication.png used on input line 123.
(pdftex.def)             Requested size: 455.24411pt x 220.60341pt.

<Imagens/webApplication2.png, id=235, 1924.18875pt x 930.47626pt>
File: Imagens/webApplication2.png Graphic file (type png)

<use Imagens/webApplication2.png>
Package pdftex.def Info: Imagens/webApplication2.png used on input line 131.
(pdftex.def)             Requested size: 455.24411pt x 220.13853pt.
 [56] [57] [58 <./Imagens/webApplication.png> <./Imagens/webApplication2.png>]
<Imagens/sentimentsSpark.png, id=248, 1922.18124pt x 886.31125pt>
File: Imagens/sentimentsSpark.png Graphic file (type png)

<use Imagens/sentimentsSpark.png>
Package pdftex.def Info: Imagens/sentimentsSpark.png used on input line 147.
(pdftex.def)             Requested size: 455.24411pt x 209.90605pt.

<Imagens/sentimentsStorm.png, id=249, 1922.18124pt x 888.31876pt>
File: Imagens/sentimentsStorm.png Graphic file (type png)

<use Imagens/sentimentsStorm.png>
Package pdftex.def Info: Imagens/sentimentsStorm.png used on input line 155.
(pdftex.def)             Requested size: 455.24411pt x 210.38148pt.
) [59 <./Imagens/sentimentsSpark.png> <./Imagens/sentimentsStorm.png>] [60] [61
]
\openout2 = `Capitulos/Capitulo5.aux'.

 (./Capitulos/Capitulo5.tex
Cap\'{\i }tulo 5.
[62



]) [63] (./Monografia.bbl
LaTeX Font Info:    Try loading font information for T1+cmtt on input line 11.

(/usr/local/texlive/2015/texmf-dist/tex/latex/base/t1cmtt.fd
File: t1cmtt.fd 2014/09/29 v2.5h Standard LaTeX font definitions
) [64


] [65]
[66]) [67]
\openout2 = `Capitulos/ApendiceA.aux'.

 (./Capitulos/ApendiceA.tex
Apendice A.

Overfull \hbox (8.94287pt too wide) in paragraph at lines 184--217
 [] 
 []

) [68


] [69] [70] [71] [72] [73]
+-------------------------------------------------------------------+
| Comentario, sugestao ou critica sobre o abnTeX? Entre em contato: |
|                  http://abntex.codigolivre.org.br                 |
+-------------------------------------------------------------------+
(./Monografia.aux (./Includes/Capa.aux) (./Includes/FolhaRosto.aux)
(./Includes/FolhaAprovacao.aux) (./Includes/Dedicatoria.aux)
(./Includes/Agradecimentos.aux) (./Includes/Epigrafe.aux)
(./Includes/Resumo.aux) (./Includes/Abstract.aux) (./Capitulos/Introducao.aux)
(./Capitulos/Capitulo2.aux) (./Capitulos/Capitulo3.aux)
(./Capitulos/Capitulo4.aux) (./Capitulos/Capitulo5.aux)
(./Capitulos/ApendiceA.aux)) ) 
Here is how much of TeX's memory you used:
 5201 strings out of 493027
 73945 string characters out of 6134069
 236139 words of memory out of 5000000
 8431 multiletter control sequences out of 15000+600000
 33093 words of font info for 90 fonts, out of 8000000 for 9000
 1143 hyphenation exceptions out of 8191
 38i,16n,26p,924b,375s stack positions out of 5000i,500n,10000p,200000b,80000s
{/usr/local/texlive/2015/texmf-dist/fonts/enc/dvi
ps/cm-super/cm-super-t1.enc}</usr/local/texlive/2015/texmf-dist/fonts/type1/pub
lic/amsfonts/cm/cmr12.pfb></usr/local/texlive/2015/texmf-dist/fonts/type1/publi
c/amsfonts/cm/cmsy10.pfb></usr/local/texlive/2015/texmf-dist/fonts/type1/public
/cm-super/sfbx0800.pfb></usr/local/texlive/2015/texmf-dist/fonts/type1/public/c
m-super/sfbx1200.pfb></usr/local/texlive/2015/texmf-dist/fonts/type1/public/cm-
super/sfbx1440.pfb></usr/local/texlive/2015/texmf-dist/fonts/type1/public/cm-su
per/sfbx1728.pfb></usr/local/texlive/2015/texmf-dist/fonts/type1/public/cm-supe
r/sfbx2074.pfb></usr/local/texlive/2015/texmf-dist/fonts/type1/public/cm-super/
sfbx2488.pfb></usr/local/texlive/2015/texmf-dist/fonts/type1/public/cm-super/sf
cc1095.pfb></usr/local/texlive/2015/texmf-dist/fonts/type1/public/cm-super/sfcc
1200.pfb></usr/local/texlive/2015/texmf-dist/fonts/type1/public/cm-super/sfrm08
00.pfb></usr/local/texlive/2015/texmf-dist/fonts/type1/public/cm-super/sfrm1000
.pfb></usr/local/texlive/2015/texmf-dist/fonts/type1/public/cm-super/sfrm1095.p
fb></usr/local/texlive/2015/texmf-dist/fonts/type1/public/cm-super/sfrm1200.pfb
></usr/local/texlive/2015/texmf-dist/fonts/type1/public/cm-super/sfrm1440.pfb><
/usr/local/texlive/2015/texmf-dist/fonts/type1/public/cm-super/sfti1200.pfb></u
sr/local/texlive/2015/texmf-dist/fonts/type1/public/cm-super/sftt1200.pfb></usr
/local/texlive/2015/texmf-dist/fonts/type1/public/cm-super/sfxc1728.pfb>
Output written on Monografia.pdf (74 pages, 3178402 bytes).
PDF statistics:
 363 PDF objects out of 1000 (max. 8388607)
 222 compressed objects within 3 object streams
 0 named destinations out of 1000 (max. 500000)
 116 words of extra memory for PDF output out of 10000 (max. 10000000)

